{"$message_type":"diagnostic","message":"unresolved import `solana_program::secp256k1_recover::Secp256k1Signature`","code":{"code":"E0432","explanation":"An import was unresolved.\n\nErroneous code example:\n\n```compile_fail,E0432\nuse something::Foo; // error: unresolved import `something::Foo`.\n```\n\nIn Rust 2015, paths in `use` statements are relative to the crate root. To\nimport items relative to the current and parent modules, use the `self::` and\n`super::` prefixes, respectively.\n\nIn Rust 2018 or later, paths in `use` statements are relative to the current\nmodule unless they begin with the name of a crate or a literal `crate::`, in\nwhich case they start from the crate root. As in Rust 2015 code, the `self::`\nand `super::` prefixes refer to the current and parent modules respectively.\n\nAlso verify that you didn't misspell the import name and that the import exists\nin the module from where you tried to import it. Example:\n\n```\nuse self::something::Foo; // Ok.\n\nmod something {\n    pub struct Foo;\n}\n# fn main() {}\n```\n\nIf you tried to use a module from an external crate and are using Rust 2015,\nyou may have missed the `extern crate` declaration (which is usually placed in\nthe crate root):\n\n```edition2015\nextern crate core; // Required to use the `core` crate in Rust 2015.\n\nuse core::any;\n# fn main() {}\n```\n\nSince Rust 2018 the `extern crate` declaration is not required and\nyou can instead just `use` it:\n\n```edition2018\nuse core::any; // No extern crate required in Rust 2018.\n# fn main() {}\n```\n"},"level":"error","spans":[{"file_name":"programs/cross_chain_oracle/src/lib.rs","byte_start":308,"byte_end":326,"line_start":6,"line_end":6,"column_start":81,"column_end":99,"is_primary":true,"text":[{"text":"use solana_program::secp256k1_recover::{Secp256k1RecoverError, Secp256k1Pubkey, Secp256k1Signature};","highlight_start":81,"highlight_end":99}],"label":"no `Secp256k1Signature` in `secp256k1_recover`","suggested_replacement":null,"suggestion_applicability":null,"expansion":null}],"children":[],"rendered":"\u001b[0m\u001b[1m\u001b[38;5;9merror[E0432]\u001b[0m\u001b[0m\u001b[1m: unresolved import `solana_program::secp256k1_recover::Secp256k1Signature`\u001b[0m\n\u001b[0m \u001b[0m\u001b[0m\u001b[1m\u001b[38;5;12m--> \u001b[0m\u001b[0mprograms/cross_chain_oracle/src/lib.rs:6:81\u001b[0m\n\u001b[0m  \u001b[0m\u001b[0m\u001b[1m\u001b[38;5;12m|\u001b[0m\n\u001b[0m\u001b[1m\u001b[38;5;12m6\u001b[0m\u001b[0m \u001b[0m\u001b[0m\u001b[1m\u001b[38;5;12m|\u001b[0m\u001b[0m \u001b[0m\u001b[0muse solana_program::secp256k1_recover::{Secp256k1RecoverError, Secp256k1Pubkey, Secp256k1Signature};\u001b[0m\n\u001b[0m  \u001b[0m\u001b[0m\u001b[1m\u001b[38;5;12m| \u001b[0m\u001b[0m                                                                                \u001b[0m\u001b[0m\u001b[1m\u001b[38;5;9m^^^^^^^^^^^^^^^^^^\u001b[0m\u001b[0m \u001b[0m\u001b[0m\u001b[1m\u001b[38;5;9mno `Secp256k1Signature` in `secp256k1_recover`\u001b[0m\n\n"}
{"$message_type":"diagnostic","message":"cannot find attribute `error` in this scope","code":null,"level":"error","spans":[{"file_name":"programs/cross_chain_oracle/src/lib.rs","byte_start":1507,"byte_end":1512,"line_start":52,"line_end":52,"column_start":3,"column_end":8,"is_primary":true,"text":[{"text":"#[error]","highlight_start":3,"highlight_end":8}],"label":null,"suggested_replacement":null,"suggestion_applicability":null,"expansion":null}],"children":[{"message":"`error` is imported here, but it is a function-like macro","code":null,"level":"note","spans":[{"file_name":"programs/cross_chain_oracle/src/lib.rs","byte_start":4,"byte_end":27,"line_start":1,"line_end":1,"column_start":5,"column_end":28,"is_primary":true,"text":[{"text":"use anchor_lang::prelude::*;","highlight_start":5,"highlight_end":28}],"label":null,"suggested_replacement":null,"suggestion_applicability":null,"expansion":null}],"children":[],"rendered":null}],"rendered":"\u001b[0m\u001b[1m\u001b[38;5;9merror\u001b[0m\u001b[0m\u001b[1m: cannot find attribute `error` in this scope\u001b[0m\n\u001b[0m  \u001b[0m\u001b[0m\u001b[1m\u001b[38;5;12m--> \u001b[0m\u001b[0mprograms/cross_chain_oracle/src/lib.rs:52:3\u001b[0m\n\u001b[0m   \u001b[0m\u001b[0m\u001b[1m\u001b[38;5;12m|\u001b[0m\n\u001b[0m\u001b[1m\u001b[38;5;12m52\u001b[0m\u001b[0m \u001b[0m\u001b[0m\u001b[1m\u001b[38;5;12m|\u001b[0m\u001b[0m \u001b[0m\u001b[0m#[error]\u001b[0m\n\u001b[0m   \u001b[0m\u001b[0m\u001b[1m\u001b[38;5;12m| \u001b[0m\u001b[0m  \u001b[0m\u001b[0m\u001b[1m\u001b[38;5;9m^^^^^\u001b[0m\n\u001b[0m   \u001b[0m\u001b[0m\u001b[1m\u001b[38;5;12m|\u001b[0m\n\u001b[0m\u001b[1m\u001b[38;5;10mnote\u001b[0m\u001b[0m: `error` is imported here, but it is a function-like macro\u001b[0m\n\u001b[0m  \u001b[0m\u001b[0m\u001b[1m\u001b[38;5;12m--> \u001b[0m\u001b[0mprograms/cross_chain_oracle/src/lib.rs:1:5\u001b[0m\n\u001b[0m   \u001b[0m\u001b[0m\u001b[1m\u001b[38;5;12m|\u001b[0m\n\u001b[0m\u001b[1m\u001b[38;5;12m1\u001b[0m\u001b[0m  \u001b[0m\u001b[0m\u001b[1m\u001b[38;5;12m|\u001b[0m\u001b[0m \u001b[0m\u001b[0muse anchor_lang::prelude::*;\u001b[0m\n\u001b[0m   \u001b[0m\u001b[0m\u001b[1m\u001b[38;5;12m| \u001b[0m\u001b[0m    \u001b[0m\u001b[0m\u001b[1m\u001b[38;5;10m^^^^^^^^^^^^^^^^^^^^^^^\u001b[0m\n\n"}
{"$message_type":"diagnostic","message":"cannot find attribute `msg` in this scope","code":null,"level":"error","spans":[{"file_name":"programs/cross_chain_oracle/src/lib.rs","byte_start":1543,"byte_end":1546,"line_start":54,"line_end":54,"column_start":7,"column_end":10,"is_primary":true,"text":[{"text":"    #[msg(\"Invalid Zero-Knowledge Proof\")]","highlight_start":7,"highlight_end":10}],"label":null,"suggested_replacement":null,"suggestion_applicability":null,"expansion":null}],"children":[{"message":"`msg` is imported here, but it is a function-like macro","code":null,"level":"note","spans":[{"file_name":"programs/cross_chain_oracle/src/lib.rs","byte_start":4,"byte_end":27,"line_start":1,"line_end":1,"column_start":5,"column_end":28,"is_primary":true,"text":[{"text":"use anchor_lang::prelude::*;","highlight_start":5,"highlight_end":28}],"label":null,"suggested_replacement":null,"suggestion_applicability":null,"expansion":null}],"children":[],"rendered":null}],"rendered":"\u001b[0m\u001b[1m\u001b[38;5;9merror\u001b[0m\u001b[0m\u001b[1m: cannot find attribute `msg` in this scope\u001b[0m\n\u001b[0m  \u001b[0m\u001b[0m\u001b[1m\u001b[38;5;12m--> \u001b[0m\u001b[0mprograms/cross_chain_oracle/src/lib.rs:54:7\u001b[0m\n\u001b[0m   \u001b[0m\u001b[0m\u001b[1m\u001b[38;5;12m|\u001b[0m\n\u001b[0m\u001b[1m\u001b[38;5;12m54\u001b[0m\u001b[0m \u001b[0m\u001b[0m\u001b[1m\u001b[38;5;12m|\u001b[0m\u001b[0m \u001b[0m\u001b[0m    #[msg(\"Invalid Zero-Knowledge Proof\")]\u001b[0m\n\u001b[0m   \u001b[0m\u001b[0m\u001b[1m\u001b[38;5;12m| \u001b[0m\u001b[0m      \u001b[0m\u001b[0m\u001b[1m\u001b[38;5;9m^^^\u001b[0m\n\u001b[0m   \u001b[0m\u001b[0m\u001b[1m\u001b[38;5;12m|\u001b[0m\n\u001b[0m\u001b[1m\u001b[38;5;10mnote\u001b[0m\u001b[0m: `msg` is imported here, but it is a function-like macro\u001b[0m\n\u001b[0m  \u001b[0m\u001b[0m\u001b[1m\u001b[38;5;12m--> \u001b[0m\u001b[0mprograms/cross_chain_oracle/src/lib.rs:1:5\u001b[0m\n\u001b[0m   \u001b[0m\u001b[0m\u001b[1m\u001b[38;5;12m|\u001b[0m\n\u001b[0m\u001b[1m\u001b[38;5;12m1\u001b[0m\u001b[0m  \u001b[0m\u001b[0m\u001b[1m\u001b[38;5;12m|\u001b[0m\u001b[0m \u001b[0m\u001b[0muse anchor_lang::prelude::*;\u001b[0m\n\u001b[0m   \u001b[0m\u001b[0m\u001b[1m\u001b[38;5;12m| \u001b[0m\u001b[0m    \u001b[0m\u001b[0m\u001b[1m\u001b[38;5;10m^^^^^^^^^^^^^^^^^^^^^^^\u001b[0m\n\n"}
{"$message_type":"diagnostic","message":"cannot find type `ProgramResult` in this scope","code":{"code":"E0412","explanation":"A used type name is not in scope.\n\nErroneous code examples:\n\n```compile_fail,E0412\nimpl Something {} // error: type name `Something` is not in scope\n\n// or:\n\ntrait Foo {\n    fn bar(N); // error: type name `N` is not in scope\n}\n\n// or:\n\nfn foo(x: T) {} // type name `T` is not in scope\n```\n\nTo fix this error, please verify you didn't misspell the type name, you did\ndeclare it or imported it into the scope. Examples:\n\n```\nstruct Something;\n\nimpl Something {} // ok!\n\n// or:\n\ntrait Foo {\n    type N;\n\n    fn bar(_: Self::N); // ok!\n}\n\n// or:\n\nfn foo<T>(x: T) {} // ok!\n```\n\nAnother case that causes this error is when a type is imported into a parent\nmodule. To fix this, you can follow the suggestion and use File directly or\n`use super::File;` which will import the types from the parent namespace. An\nexample that causes this error is below:\n\n```compile_fail,E0412\nuse std::fs::File;\n\nmod foo {\n    fn some_function(f: File) {}\n}\n```\n\n```\nuse std::fs::File;\n\nmod foo {\n    // either\n    use super::File;\n    // or\n    // use std::fs::File;\n    fn foo(f: File) {}\n}\n# fn main() {} // don't insert it for us; that'll break imports\n```\n"},"level":"error","spans":[{"file_name":"programs/cross_chain_oracle/src/lib.rs","byte_start":608,"byte_end":621,"line_start":19,"line_end":19,"column_start":10,"column_end":23,"is_primary":true,"text":[{"text":"    ) -> ProgramResult {","highlight_start":10,"highlight_end":23}],"label":"not found in this scope","suggested_replacement":null,"suggestion_applicability":null,"expansion":null}],"children":[{"message":"consider importing one of these items","code":null,"level":"help","spans":[{"file_name":"programs/cross_chain_oracle/src/lib.rs","byte_start":436,"byte_end":436,"line_start":12,"line_end":12,"column_start":5,"column_end":5,"is_primary":true,"text":[{"text":"    use super::*;","highlight_start":5,"highlight_end":5}],"label":null,"suggested_replacement":"use solana_program::entrypoint::ProgramResult;\n","suggestion_applicability":"MaybeIncorrect","expansion":null},{"file_name":"programs/cross_chain_oracle/src/lib.rs","byte_start":436,"byte_end":436,"line_start":12,"line_end":12,"column_start":5,"column_end":5,"is_primary":true,"text":[{"text":"    use super::*;","highlight_start":5,"highlight_end":5}],"label":null,"suggested_replacement":"use solana_program::entrypoint_deprecated::ProgramResult;\n","suggestion_applicability":"MaybeIncorrect","expansion":null}],"children":[],"rendered":null}],"rendered":"\u001b[0m\u001b[1m\u001b[38;5;9merror[E0412]\u001b[0m\u001b[0m\u001b[1m: cannot find type `ProgramResult` in this scope\u001b[0m\n\u001b[0m  \u001b[0m\u001b[0m\u001b[1m\u001b[38;5;12m--> \u001b[0m\u001b[0mprograms/cross_chain_oracle/src/lib.rs:19:10\u001b[0m\n\u001b[0m   \u001b[0m\u001b[0m\u001b[1m\u001b[38;5;12m|\u001b[0m\n\u001b[0m\u001b[1m\u001b[38;5;12m19\u001b[0m\u001b[0m \u001b[0m\u001b[0m\u001b[1m\u001b[38;5;12m|\u001b[0m\u001b[0m \u001b[0m\u001b[0m    ) -> ProgramResult {\u001b[0m\n\u001b[0m   \u001b[0m\u001b[0m\u001b[1m\u001b[38;5;12m| \u001b[0m\u001b[0m         \u001b[0m\u001b[0m\u001b[1m\u001b[38;5;9m^^^^^^^^^^^^^\u001b[0m\u001b[0m \u001b[0m\u001b[0m\u001b[1m\u001b[38;5;9mnot found in this scope\u001b[0m\n\u001b[0m   \u001b[0m\u001b[0m\u001b[1m\u001b[38;5;12m|\u001b[0m\n\u001b[0m\u001b[1m\u001b[38;5;14mhelp\u001b[0m\u001b[0m: consider importing one of these items\u001b[0m\n\u001b[0m   \u001b[0m\u001b[0m\u001b[1m\u001b[38;5;12m|\u001b[0m\n\u001b[0m\u001b[1m\u001b[38;5;12m12\u001b[0m\u001b[0m \u001b[0m\u001b[0m\u001b[38;5;10m+ \u001b[0m\u001b[0m    \u001b[0m\u001b[0m\u001b[38;5;10muse solana_program::entrypoint::ProgramResult;\u001b[0m\n\u001b[0m   \u001b[0m\u001b[0m\u001b[1m\u001b[38;5;12m|\u001b[0m\n\u001b[0m\u001b[1m\u001b[38;5;12m12\u001b[0m\u001b[0m \u001b[0m\u001b[0m\u001b[38;5;10m+ \u001b[0m\u001b[0m    \u001b[0m\u001b[0m\u001b[38;5;10muse solana_program::entrypoint_deprecated::ProgramResult;\u001b[0m\n\u001b[0m   \u001b[0m\u001b[0m\u001b[1m\u001b[38;5;12m|\u001b[0m\n\n"}
{"$message_type":"diagnostic","message":"unused import: `Secp256k1RecoverError`","code":{"code":"unused_imports","explanation":null},"level":"warning","spans":[{"file_name":"programs/cross_chain_oracle/src/lib.rs","byte_start":268,"byte_end":289,"line_start":6,"line_end":6,"column_start":41,"column_end":62,"is_primary":true,"text":[{"text":"use solana_program::secp256k1_recover::{Secp256k1RecoverError, Secp256k1Pubkey, Secp256k1Signature};","highlight_start":41,"highlight_end":62}],"label":null,"suggested_replacement":null,"suggestion_applicability":null,"expansion":null}],"children":[{"message":"`#[warn(unused_imports)]` on by default","code":null,"level":"note","spans":[],"children":[],"rendered":null},{"message":"remove the unused import","code":null,"level":"help","spans":[{"file_name":"programs/cross_chain_oracle/src/lib.rs","byte_start":268,"byte_end":291,"line_start":6,"line_end":6,"column_start":41,"column_end":64,"is_primary":true,"text":[{"text":"use solana_program::secp256k1_recover::{Secp256k1RecoverError, Secp256k1Pubkey, Secp256k1Signature};","highlight_start":41,"highlight_end":64}],"label":null,"suggested_replacement":"","suggestion_applicability":"MachineApplicable","expansion":null}],"children":[],"rendered":null}],"rendered":"\u001b[0m\u001b[1m\u001b[33mwarning\u001b[0m\u001b[0m\u001b[1m: unused import: `Secp256k1RecoverError`\u001b[0m\n\u001b[0m \u001b[0m\u001b[0m\u001b[1m\u001b[38;5;12m--> \u001b[0m\u001b[0mprograms/cross_chain_oracle/src/lib.rs:6:41\u001b[0m\n\u001b[0m  \u001b[0m\u001b[0m\u001b[1m\u001b[38;5;12m|\u001b[0m\n\u001b[0m\u001b[1m\u001b[38;5;12m6\u001b[0m\u001b[0m \u001b[0m\u001b[0m\u001b[1m\u001b[38;5;12m|\u001b[0m\u001b[0m \u001b[0m\u001b[0muse solana_program::secp256k1_recover::{Secp256k1RecoverError, Secp256k1Pubkey, Secp256k1Signature};\u001b[0m\n\u001b[0m  \u001b[0m\u001b[0m\u001b[1m\u001b[38;5;12m| \u001b[0m\u001b[0m                                        \u001b[0m\u001b[0m\u001b[1m\u001b[33m^^^^^^^^^^^^^^^^^^^^^\u001b[0m\n\u001b[0m  \u001b[0m\u001b[0m\u001b[1m\u001b[38;5;12m|\u001b[0m\n\u001b[0m  \u001b[0m\u001b[0m\u001b[1m\u001b[38;5;12m= \u001b[0m\u001b[0m\u001b[1mnote\u001b[0m\u001b[0m: `#[warn(unused_imports)]` on by default\u001b[0m\n\n"}
{"$message_type":"diagnostic","message":"type alias takes 1 generic argument but 2 generic arguments were supplied","code":{"code":"E0107","explanation":"An incorrect number of generic arguments was provided.\n\nErroneous code example:\n\n```compile_fail,E0107\nstruct Foo<T> { x: T }\n\nstruct Bar { x: Foo }             // error: wrong number of type arguments:\n                                  //        expected 1, found 0\nstruct Baz<S, T> { x: Foo<S, T> } // error: wrong number of type arguments:\n                                  //        expected 1, found 2\n\nfn foo<T, U>(x: T, y: U) {}\nfn f() {}\n\nfn main() {\n    let x: bool = true;\n    foo::<bool>(x);                 // error: wrong number of type arguments:\n                                    //        expected 2, found 1\n    foo::<bool, i32, i32>(x, 2, 4); // error: wrong number of type arguments:\n                                    //        expected 2, found 3\n    f::<'static>();                 // error: wrong number of lifetime arguments\n                                    //        expected 0, found 1\n}\n```\n\nWhen using/declaring an item with generic arguments, you must provide the exact\nsame number:\n\n```\nstruct Foo<T> { x: T }\n\nstruct Bar<T> { x: Foo<T> }               // ok!\nstruct Baz<S, T> { x: Foo<S>, y: Foo<T> } // ok!\n\nfn foo<T, U>(x: T, y: U) {}\nfn f() {}\n\nfn main() {\n    let x: bool = true;\n    foo::<bool, u32>(x, 12);              // ok!\n    f();                                  // ok!\n}\n```\n"},"level":"error","spans":[{"file_name":"programs/cross_chain_oracle/src/lib.rs","byte_start":2023,"byte_end":2029,"line_start":75,"line_end":75,"column_start":41,"column_end":47,"is_primary":true,"text":[{"text":"    fn unpack_from_slice(src: &[u8]) -> Result<Self, ProgramError> {","highlight_start":41,"highlight_end":47}],"label":"expected 1 generic argument","suggested_replacement":null,"suggestion_applicability":null,"expansion":null}],"children":[{"message":"type alias defined here, with 1 generic parameter: `T`","code":null,"level":"note","spans":[{"file_name":"/Users/ordlibrary/.cargo/registry/src/index.crates.io-6f17d22bba15001f/anchor-lang-0.30.0/src/lib.rs","byte_start":2704,"byte_end":2705,"line_start":74,"line_end":74,"column_start":17,"column_end":18,"is_primary":false,"text":[{"text":"pub type Result<T> = std::result::Result<T, error::Error>;","highlight_start":17,"highlight_end":18}],"label":"","suggested_replacement":null,"suggestion_applicability":null,"expansion":null},{"file_name":"/Users/ordlibrary/.cargo/registry/src/index.crates.io-6f17d22bba15001f/anchor-lang-0.30.0/src/lib.rs","byte_start":2697,"byte_end":2703,"line_start":74,"line_end":74,"column_start":10,"column_end":16,"is_primary":true,"text":[{"text":"pub type Result<T> = std::result::Result<T, error::Error>;","highlight_start":10,"highlight_end":16}],"label":null,"suggested_replacement":null,"suggestion_applicability":null,"expansion":null}],"children":[],"rendered":null},{"message":"remove this generic argument","code":null,"level":"help","spans":[{"file_name":"programs/cross_chain_oracle/src/lib.rs","byte_start":2036,"byte_end":2048,"line_start":75,"line_end":75,"column_start":54,"column_end":66,"is_primary":true,"text":[{"text":"    fn unpack_from_slice(src: &[u8]) -> Result<Self, ProgramError> {","highlight_start":54,"highlight_end":66}],"label":null,"suggested_replacement":"","suggestion_applicability":"MaybeIncorrect","expansion":null}],"children":[],"rendered":null}],"rendered":"\u001b[0m\u001b[1m\u001b[38;5;9merror[E0107]\u001b[0m\u001b[0m\u001b[1m: type alias takes 1 generic argument but 2 generic arguments were supplied\u001b[0m\n\u001b[0m  \u001b[0m\u001b[0m\u001b[1m\u001b[38;5;12m--> \u001b[0m\u001b[0mprograms/cross_chain_oracle/src/lib.rs:75:41\u001b[0m\n\u001b[0m   \u001b[0m\u001b[0m\u001b[1m\u001b[38;5;12m|\u001b[0m\n\u001b[0m\u001b[1m\u001b[38;5;12m75\u001b[0m\u001b[0m \u001b[0m\u001b[0m\u001b[1m\u001b[38;5;12m|\u001b[0m\u001b[0m \u001b[0m\u001b[0m    fn unpack_from_slice(src: &[u8]) -> Result<Self, ProgramError> {\u001b[0m\n\u001b[0m   \u001b[0m\u001b[0m\u001b[1m\u001b[38;5;12m| \u001b[0m\u001b[0m                                        \u001b[0m\u001b[0m\u001b[1m\u001b[38;5;9m^^^^^^\u001b[0m\u001b[0m       \u001b[0m\u001b[0m\u001b[1m\u001b[38;5;12m------------\u001b[0m\u001b[0m \u001b[0m\u001b[0m\u001b[1m\u001b[38;5;12mhelp: remove this generic argument\u001b[0m\n\u001b[0m   \u001b[0m\u001b[0m\u001b[1m\u001b[38;5;12m| \u001b[0m\u001b[0m                                        \u001b[0m\u001b[0m\u001b[1m\u001b[38;5;9m|\u001b[0m\n\u001b[0m   \u001b[0m\u001b[0m\u001b[1m\u001b[38;5;12m| \u001b[0m\u001b[0m                                        \u001b[0m\u001b[0m\u001b[1m\u001b[38;5;9mexpected 1 generic argument\u001b[0m\n\u001b[0m   \u001b[0m\u001b[0m\u001b[1m\u001b[38;5;12m|\u001b[0m\n\u001b[0m\u001b[1m\u001b[38;5;10mnote\u001b[0m\u001b[0m: type alias defined here, with 1 generic parameter: `T`\u001b[0m\n\u001b[0m  \u001b[0m\u001b[0m\u001b[1m\u001b[38;5;12m--> \u001b[0m\u001b[0m/Users/ordlibrary/.cargo/registry/src/index.crates.io-6f17d22bba15001f/anchor-lang-0.30.0/src/lib.rs:74:10\u001b[0m\n\u001b[0m   \u001b[0m\u001b[0m\u001b[1m\u001b[38;5;12m|\u001b[0m\n\u001b[0m\u001b[1m\u001b[38;5;12m74\u001b[0m\u001b[0m \u001b[0m\u001b[0m\u001b[1m\u001b[38;5;12m|\u001b[0m\u001b[0m \u001b[0m\u001b[0mpub type Result<T> = std::result::Result<T, error::Error>;\u001b[0m\n\u001b[0m   \u001b[0m\u001b[0m\u001b[1m\u001b[38;5;12m| \u001b[0m\u001b[0m         \u001b[0m\u001b[0m\u001b[1m\u001b[38;5;10m^^^^^^\u001b[0m\u001b[0m \u001b[0m\u001b[0m\u001b[1m\u001b[38;5;12m-\u001b[0m\n\n"}
{"$message_type":"diagnostic","message":"method `unpack_from_slice` has an incompatible type for trait","code":{"code":"E0053","explanation":"The parameters of any trait method must match between a trait implementation\nand the trait definition.\n\nErroneous code example:\n\n```compile_fail,E0053\ntrait Foo {\n    fn foo(x: u16);\n    fn bar(&self);\n}\n\nstruct Bar;\n\nimpl Foo for Bar {\n    // error, expected u16, found i16\n    fn foo(x: i16) { }\n\n    // error, types differ in mutability\n    fn bar(&mut self) { }\n}\n```\n"},"level":"error","spans":[{"file_name":"programs/cross_chain_oracle/src/lib.rs","byte_start":2023,"byte_end":2049,"line_start":75,"line_end":75,"column_start":41,"column_end":67,"is_primary":true,"text":[{"text":"    fn unpack_from_slice(src: &[u8]) -> Result<Self, ProgramError> {","highlight_start":41,"highlight_end":67}],"label":"expected `anchor_lang::prelude::ProgramError`, found `anchor_lang::error::Error`","suggested_replacement":null,"suggestion_applicability":null,"expansion":null}],"children":[{"message":"expected signature `fn(&_) -> std::result::Result<_, anchor_lang::prelude::ProgramError>`\n   found signature `fn(&_) -> std::result::Result<_, anchor_lang::error::Error>`","code":null,"level":"note","spans":[],"children":[],"rendered":null},{"message":"change the output type to match the trait","code":null,"level":"help","spans":[{"file_name":"programs/cross_chain_oracle/src/lib.rs","byte_start":2023,"byte_end":2049,"line_start":75,"line_end":75,"column_start":41,"column_end":67,"is_primary":true,"text":[{"text":"    fn unpack_from_slice(src: &[u8]) -> Result<Self, ProgramError> {","highlight_start":41,"highlight_end":67}],"label":null,"suggested_replacement":"std::result::Result<NFT, anchor_lang::prelude::ProgramError>","suggestion_applicability":"MachineApplicable","expansion":null}],"children":[],"rendered":null}],"rendered":"\u001b[0m\u001b[1m\u001b[38;5;9merror[E0053]\u001b[0m\u001b[0m\u001b[1m: method `unpack_from_slice` has an incompatible type for trait\u001b[0m\n\u001b[0m  \u001b[0m\u001b[0m\u001b[1m\u001b[38;5;12m--> \u001b[0m\u001b[0mprograms/cross_chain_oracle/src/lib.rs:75:41\u001b[0m\n\u001b[0m   \u001b[0m\u001b[0m\u001b[1m\u001b[38;5;12m|\u001b[0m\n\u001b[0m\u001b[1m\u001b[38;5;12m75\u001b[0m\u001b[0m \u001b[0m\u001b[0m\u001b[1m\u001b[38;5;12m|\u001b[0m\u001b[0m \u001b[0m\u001b[0m    fn unpack_from_slice(src: &[u8]) -> Result<Self, ProgramError> {\u001b[0m\n\u001b[0m   \u001b[0m\u001b[0m\u001b[1m\u001b[38;5;12m| \u001b[0m\u001b[0m                                        \u001b[0m\u001b[0m\u001b[1m\u001b[38;5;9m^^^^^^^^^^^^^^^^^^^^^^^^^^\u001b[0m\n\u001b[0m   \u001b[0m\u001b[0m\u001b[1m\u001b[38;5;12m| \u001b[0m\u001b[0m                                        \u001b[0m\u001b[0m\u001b[1m\u001b[38;5;9m|\u001b[0m\n\u001b[0m   \u001b[0m\u001b[0m\u001b[1m\u001b[38;5;12m| \u001b[0m\u001b[0m                                        \u001b[0m\u001b[0m\u001b[1m\u001b[38;5;9mexpected `anchor_lang::prelude::ProgramError`, found `anchor_lang::error::Error`\u001b[0m\n\u001b[0m   \u001b[0m\u001b[0m\u001b[1m\u001b[38;5;12m| \u001b[0m\u001b[0m                                        \u001b[0m\u001b[0m\u001b[1m\u001b[38;5;9mhelp: change the output type to match the trait: `std::result::Result<NFT, anchor_lang::prelude::ProgramError>`\u001b[0m\n\u001b[0m   \u001b[0m\u001b[0m\u001b[1m\u001b[38;5;12m|\u001b[0m\n\u001b[0m   \u001b[0m\u001b[0m\u001b[1m\u001b[38;5;12m= \u001b[0m\u001b[0m\u001b[1mnote\u001b[0m\u001b[0m: expected signature `fn(&_) -> std::result::Result<_, anchor_lang::\u001b[0m\u001b[0m\u001b[1m\u001b[35mprelude::ProgramError\u001b[0m\u001b[0m>`\u001b[0m\n\u001b[0m              found signature `fn(&_) -> std::result::Result<_, anchor_lang::\u001b[0m\u001b[0m\u001b[1m\u001b[35merror::Error\u001b[0m\u001b[0m>`\u001b[0m\n\n"}
{"$message_type":"diagnostic","message":"use of deprecated associated function `anchor_lang::prelude::Pubkey::new`: Please use 'Pubkey::from' or 'Pubkey::try_from' instead","code":{"code":"deprecated","explanation":null},"level":"warning","spans":[{"file_name":"programs/cross_chain_oracle/src/lib.rs","byte_start":680,"byte_end":683,"line_start":21,"line_end":21,"column_start":30,"column_end":33,"is_primary":true,"text":[{"text":"        let pubkey = Pubkey::new(&pubkey);","highlight_start":30,"highlight_end":33}],"label":null,"suggested_replacement":null,"suggestion_applicability":null,"expansion":null}],"children":[{"message":"`#[warn(deprecated)]` on by default","code":null,"level":"note","spans":[],"children":[],"rendered":null}],"rendered":"\u001b[0m\u001b[1m\u001b[33mwarning\u001b[0m\u001b[0m\u001b[1m: use of deprecated associated function `anchor_lang::prelude::Pubkey::new`: Please use 'Pubkey::from' or 'Pubkey::try_from' instead\u001b[0m\n\u001b[0m  \u001b[0m\u001b[0m\u001b[1m\u001b[38;5;12m--> \u001b[0m\u001b[0mprograms/cross_chain_oracle/src/lib.rs:21:30\u001b[0m\n\u001b[0m   \u001b[0m\u001b[0m\u001b[1m\u001b[38;5;12m|\u001b[0m\n\u001b[0m\u001b[1m\u001b[38;5;12m21\u001b[0m\u001b[0m \u001b[0m\u001b[0m\u001b[1m\u001b[38;5;12m|\u001b[0m\u001b[0m \u001b[0m\u001b[0m        let pubkey = Pubkey::new(&pubkey);\u001b[0m\n\u001b[0m   \u001b[0m\u001b[0m\u001b[1m\u001b[38;5;12m| \u001b[0m\u001b[0m                             \u001b[0m\u001b[0m\u001b[1m\u001b[33m^^^\u001b[0m\n\u001b[0m   \u001b[0m\u001b[0m\u001b[1m\u001b[38;5;12m|\u001b[0m\n\u001b[0m   \u001b[0m\u001b[0m\u001b[1m\u001b[38;5;12m= \u001b[0m\u001b[0m\u001b[1mnote\u001b[0m\u001b[0m: `#[warn(deprecated)]` on by default\u001b[0m\n\n"}
{"$message_type":"diagnostic","message":"mismatched types","code":{"code":"E0308","explanation":"Expected type did not match the received type.\n\nErroneous code examples:\n\n```compile_fail,E0308\nfn plus_one(x: i32) -> i32 {\n    x + 1\n}\n\nplus_one(\"Not a number\");\n//       ^^^^^^^^^^^^^^ expected `i32`, found `&str`\n\nif \"Not a bool\" {\n// ^^^^^^^^^^^^ expected `bool`, found `&str`\n}\n\nlet x: f32 = \"Not a float\";\n//     ---   ^^^^^^^^^^^^^ expected `f32`, found `&str`\n//     |\n//     expected due to this\n```\n\nThis error occurs when an expression was used in a place where the compiler\nexpected an expression of a different type. It can occur in several cases, the\nmost common being when calling a function and passing an argument which has a\ndifferent type than the matching type in the function declaration.\n"},"level":"error","spans":[{"file_name":"programs/cross_chain_oracle/src/lib.rs","byte_start":882,"byte_end":899,"line_start":27,"line_end":27,"column_start":53,"column_end":70,"is_primary":true,"text":[{"text":"        let secp256k1_pubkey = Secp256k1Pubkey::new(pubkey.to_bytes());","highlight_start":53,"highlight_end":70}],"label":"expected `&[u8]`, found `[u8; 32]`","suggested_replacement":null,"suggestion_applicability":null,"expansion":null},{"file_name":"programs/cross_chain_oracle/src/lib.rs","byte_start":861,"byte_end":881,"line_start":27,"line_end":27,"column_start":32,"column_end":52,"is_primary":false,"text":[{"text":"        let secp256k1_pubkey = Secp256k1Pubkey::new(pubkey.to_bytes());","highlight_start":32,"highlight_end":52}],"label":"arguments to this function are incorrect","suggested_replacement":null,"suggestion_applicability":null,"expansion":null}],"children":[{"message":"associated function defined here","code":null,"level":"note","spans":[{"file_name":"/Users/ordlibrary/.cargo/registry/src/index.crates.io-6f17d22bba15001f/solana-program-1.18.15/src/secp256k1_recover.rs","byte_start":2755,"byte_end":2758,"line_start":85,"line_end":85,"column_start":12,"column_end":15,"is_primary":true,"text":[{"text":"    pub fn new(pubkey_vec: &[u8]) -> Self {","highlight_start":12,"highlight_end":15}],"label":null,"suggested_replacement":null,"suggestion_applicability":null,"expansion":null}],"children":[],"rendered":null},{"message":"consider borrowing here","code":null,"level":"help","spans":[{"file_name":"programs/cross_chain_oracle/src/lib.rs","byte_start":882,"byte_end":882,"line_start":27,"line_end":27,"column_start":53,"column_end":53,"is_primary":true,"text":[{"text":"        let secp256k1_pubkey = Secp256k1Pubkey::new(pubkey.to_bytes());","highlight_start":53,"highlight_end":53}],"label":null,"suggested_replacement":"&","suggestion_applicability":"MachineApplicable","expansion":null}],"children":[],"rendered":null}],"rendered":"\u001b[0m\u001b[1m\u001b[38;5;9merror[E0308]\u001b[0m\u001b[0m\u001b[1m: mismatched types\u001b[0m\n\u001b[0m  \u001b[0m\u001b[0m\u001b[1m\u001b[38;5;12m--> \u001b[0m\u001b[0mprograms/cross_chain_oracle/src/lib.rs:27:53\u001b[0m\n\u001b[0m   \u001b[0m\u001b[0m\u001b[1m\u001b[38;5;12m|\u001b[0m\n\u001b[0m\u001b[1m\u001b[38;5;12m27\u001b[0m\u001b[0m \u001b[0m\u001b[0m\u001b[1m\u001b[38;5;12m|\u001b[0m\u001b[0m \u001b[0m\u001b[0m        let secp256k1_pubkey = Secp256k1Pubkey::new(pubkey.to_bytes());\u001b[0m\n\u001b[0m   \u001b[0m\u001b[0m\u001b[1m\u001b[38;5;12m| \u001b[0m\u001b[0m                               \u001b[0m\u001b[0m\u001b[1m\u001b[38;5;12m--------------------\u001b[0m\u001b[0m \u001b[0m\u001b[0m\u001b[1m\u001b[38;5;9m^^^^^^^^^^^^^^^^^\u001b[0m\u001b[0m \u001b[0m\u001b[0m\u001b[1m\u001b[38;5;9mexpected `&[u8]`, found `[u8; 32]`\u001b[0m\n\u001b[0m   \u001b[0m\u001b[0m\u001b[1m\u001b[38;5;12m| \u001b[0m\u001b[0m                               \u001b[0m\u001b[0m\u001b[1m\u001b[38;5;12m|\u001b[0m\n\u001b[0m   \u001b[0m\u001b[0m\u001b[1m\u001b[38;5;12m| \u001b[0m\u001b[0m                               \u001b[0m\u001b[0m\u001b[1m\u001b[38;5;12marguments to this function are incorrect\u001b[0m\n\u001b[0m   \u001b[0m\u001b[0m\u001b[1m\u001b[38;5;12m|\u001b[0m\n\u001b[0m\u001b[1m\u001b[38;5;10mnote\u001b[0m\u001b[0m: associated function defined here\u001b[0m\n\u001b[0m  \u001b[0m\u001b[0m\u001b[1m\u001b[38;5;12m--> \u001b[0m\u001b[0m/Users/ordlibrary/.cargo/registry/src/index.crates.io-6f17d22bba15001f/solana-program-1.18.15/src/secp256k1_recover.rs:85:12\u001b[0m\n\u001b[0m   \u001b[0m\u001b[0m\u001b[1m\u001b[38;5;12m|\u001b[0m\n\u001b[0m\u001b[1m\u001b[38;5;12m85\u001b[0m\u001b[0m \u001b[0m\u001b[0m\u001b[1m\u001b[38;5;12m|\u001b[0m\u001b[0m \u001b[0m\u001b[0m    pub fn new(pubkey_vec: &[u8]) -> Self {\u001b[0m\n\u001b[0m   \u001b[0m\u001b[0m\u001b[1m\u001b[38;5;12m| \u001b[0m\u001b[0m           \u001b[0m\u001b[0m\u001b[1m\u001b[38;5;10m^^^\u001b[0m\n\u001b[0m\u001b[1m\u001b[38;5;14mhelp\u001b[0m\u001b[0m: consider borrowing here\u001b[0m\n\u001b[0m   \u001b[0m\u001b[0m\u001b[1m\u001b[38;5;12m|\u001b[0m\n\u001b[0m\u001b[1m\u001b[38;5;12m27\u001b[0m\u001b[0m \u001b[0m\u001b[0m\u001b[1m\u001b[38;5;12m| \u001b[0m\u001b[0m        let secp256k1_pubkey = Secp256k1Pubkey::new(\u001b[0m\u001b[0m\u001b[38;5;10m&\u001b[0m\u001b[0mpubkey.to_bytes());\u001b[0m\n\u001b[0m   \u001b[0m\u001b[0m\u001b[1m\u001b[38;5;12m|\u001b[0m\u001b[0m                                                     \u001b[0m\u001b[0m\u001b[38;5;10m+\u001b[0m\n\n"}
{"$message_type":"diagnostic","message":"no method named `verify` found for struct `solana_program::secp256k1_recover::Secp256k1Pubkey` in the current scope","code":{"code":"E0599","explanation":"This error occurs when a method is used on a type which doesn't implement it:\n\nErroneous code example:\n\n```compile_fail,E0599\nstruct Mouth;\n\nlet x = Mouth;\nx.chocolate(); // error: no method named `chocolate` found for type `Mouth`\n               //        in the current scope\n```\n\nIn this case, you need to implement the `chocolate` method to fix the error:\n\n```\nstruct Mouth;\n\nimpl Mouth {\n    fn chocolate(&self) { // We implement the `chocolate` method here.\n        println!(\"Hmmm! I love chocolate!\");\n    }\n}\n\nlet x = Mouth;\nx.chocolate(); // ok!\n```\n"},"level":"error","spans":[{"file_name":"programs/cross_chain_oracle/src/lib.rs","byte_start":1020,"byte_end":1026,"line_start":30,"line_end":30,"column_start":39,"column_end":45,"is_primary":true,"text":[{"text":"        let result = secp256k1_pubkey.verify(&tx_hash.to_bytes(), &secp256k1_signature);","highlight_start":39,"highlight_end":45}],"label":"method not found in `Secp256k1Pubkey`","suggested_replacement":null,"suggestion_applicability":null,"expansion":null}],"children":[],"rendered":"\u001b[0m\u001b[1m\u001b[38;5;9merror[E0599]\u001b[0m\u001b[0m\u001b[1m: no method named `verify` found for struct `solana_program::secp256k1_recover::Secp256k1Pubkey` in the current scope\u001b[0m\n\u001b[0m  \u001b[0m\u001b[0m\u001b[1m\u001b[38;5;12m--> \u001b[0m\u001b[0mprograms/cross_chain_oracle/src/lib.rs:30:39\u001b[0m\n\u001b[0m   \u001b[0m\u001b[0m\u001b[1m\u001b[38;5;12m|\u001b[0m\n\u001b[0m\u001b[1m\u001b[38;5;12m30\u001b[0m\u001b[0m \u001b[0m\u001b[0m\u001b[1m\u001b[38;5;12m|\u001b[0m\u001b[0m \u001b[0m\u001b[0m        let result = secp256k1_pubkey.verify(&tx_hash.to_bytes(), &secp256k1_signature);\u001b[0m\n\u001b[0m   \u001b[0m\u001b[0m\u001b[1m\u001b[38;5;12m| \u001b[0m\u001b[0m                                      \u001b[0m\u001b[0m\u001b[1m\u001b[38;5;9m^^^^^^\u001b[0m\u001b[0m \u001b[0m\u001b[0m\u001b[1m\u001b[38;5;9mmethod not found in `Secp256k1Pubkey`\u001b[0m\n\n"}
{"$message_type":"diagnostic","message":"no method named `name` found for enum `CustomError` in the current scope","code":{"code":"E0599","explanation":"This error occurs when a method is used on a type which doesn't implement it:\n\nErroneous code example:\n\n```compile_fail,E0599\nstruct Mouth;\n\nlet x = Mouth;\nx.chocolate(); // error: no method named `chocolate` found for type `Mouth`\n               //        in the current scope\n```\n\nIn this case, you need to implement the `chocolate` method to fix the error:\n\n```\nstruct Mouth;\n\nimpl Mouth {\n    fn chocolate(&self) { // We implement the `chocolate` method here.\n        println!(\"Hmmm! I love chocolate!\");\n    }\n}\n\nlet x = Mouth;\nx.chocolate(); // ok!\n```\n"},"level":"error","spans":[{"file_name":"/Users/ordlibrary/.cargo/registry/src/index.crates.io-6f17d22bba15001f/anchor-lang-0.30.0/src/lib.rs","byte_start":17822,"byte_end":17849,"line_start":519,"line_end":519,"column_start":24,"column_end":51,"is_primary":true,"text":[{"text":"            return Err(anchor_lang::error!($error));","highlight_start":24,"highlight_end":51}],"label":"method not found in `CustomError`","suggested_replacement":null,"suggestion_applicability":null,"expansion":{"span":{"file_name":"/Users/ordlibrary/.cargo/registry/src/index.crates.io-6f17d22bba15001f/anchor-lang-0.30.0/src/lib.rs","byte_start":17822,"byte_end":17849,"line_start":519,"line_end":519,"column_start":24,"column_end":51,"is_primary":false,"text":[{"text":"            return Err(anchor_lang::error!($error));","highlight_start":24,"highlight_end":51}],"label":null,"suggested_replacement":null,"suggestion_applicability":null,"expansion":{"span":{"file_name":"programs/cross_chain_oracle/src/lib.rs","byte_start":1079,"byte_end":1128,"line_start":31,"line_end":31,"column_start":9,"column_end":58,"is_primary":false,"text":[{"text":"        require!(result.is_ok(), CustomError::InvalidZKP);","highlight_start":9,"highlight_end":58}],"label":null,"suggested_replacement":null,"suggestion_applicability":null,"expansion":null},"macro_decl_name":"require!","def_site_span":{"file_name":"/Users/ordlibrary/.cargo/registry/src/index.crates.io-6f17d22bba15001f/anchor-lang-0.30.0/src/lib.rs","byte_start":17543,"byte_end":17563,"line_start":511,"line_end":511,"column_start":1,"column_end":21,"is_primary":false,"text":[{"text":"macro_rules! require {","highlight_start":1,"highlight_end":21}],"label":null,"suggested_replacement":null,"suggestion_applicability":null,"expansion":null}}},"macro_decl_name":"anchor_lang::error!","def_site_span":{"file_name":"/Users/ordlibrary/.cargo/registry/src/index.crates.io-6f17d22bba15001f/anchor-attribute-error-0.30.0/src/lib.rs","byte_start":2567,"byte_end":2623,"line_start":85,"line_end":85,"column_start":1,"column_end":57,"is_primary":false,"text":[{"text":"pub fn error(ts: proc_macro::TokenStream) -> TokenStream {","highlight_start":1,"highlight_end":57}],"label":null,"suggested_replacement":null,"suggestion_applicability":null,"expansion":null}}},{"file_name":"programs/cross_chain_oracle/src/lib.rs","byte_start":1514,"byte_end":1534,"line_start":53,"line_end":53,"column_start":1,"column_end":21,"is_primary":false,"text":[{"text":"pub enum CustomError {","highlight_start":1,"highlight_end":21}],"label":"method `name` not found for this enum","suggested_replacement":null,"suggestion_applicability":null,"expansion":null}],"children":[],"rendered":"\u001b[0m\u001b[1m\u001b[38;5;9merror[E0599]\u001b[0m\u001b[0m\u001b[1m: no method named `name` found for enum `CustomError` in the current scope\u001b[0m\n\u001b[0m  \u001b[0m\u001b[0m\u001b[1m\u001b[38;5;12m--> \u001b[0m\u001b[0mprograms/cross_chain_oracle/src/lib.rs:31:9\u001b[0m\n\u001b[0m   \u001b[0m\u001b[0m\u001b[1m\u001b[38;5;12m|\u001b[0m\n\u001b[0m\u001b[1m\u001b[38;5;12m31\u001b[0m\u001b[0m \u001b[0m\u001b[0m\u001b[1m\u001b[38;5;12m|\u001b[0m\u001b[0m \u001b[0m\u001b[0m        require!(result.is_ok(), CustomError::InvalidZKP);\u001b[0m\n\u001b[0m   \u001b[0m\u001b[0m\u001b[1m\u001b[38;5;12m| \u001b[0m\u001b[0m        \u001b[0m\u001b[0m\u001b[1m\u001b[38;5;9m^^^^^^^^^^^^^^^^^^^^^^^^^^^^^^^^^^^^^^^^^^^^^^^^^\u001b[0m\u001b[0m \u001b[0m\u001b[0m\u001b[1m\u001b[38;5;9mmethod not found in `CustomError`\u001b[0m\n\u001b[0m\u001b[1m\u001b[38;5;12m...\u001b[0m\n\u001b[0m\u001b[1m\u001b[38;5;12m53\u001b[0m\u001b[0m \u001b[0m\u001b[0m\u001b[1m\u001b[38;5;12m|\u001b[0m\u001b[0m \u001b[0m\u001b[0mpub enum CustomError {\u001b[0m\n\u001b[0m   \u001b[0m\u001b[0m\u001b[1m\u001b[38;5;12m| \u001b[0m\u001b[0m\u001b[1m\u001b[38;5;12m--------------------\u001b[0m\u001b[0m \u001b[0m\u001b[0m\u001b[1m\u001b[38;5;12mmethod `name` not found for this enum\u001b[0m\n\u001b[0m   \u001b[0m\u001b[0m\u001b[1m\u001b[38;5;12m|\u001b[0m\n\u001b[0m   \u001b[0m\u001b[0m\u001b[1m\u001b[38;5;12m= \u001b[0m\u001b[0m\u001b[1mnote\u001b[0m\u001b[0m: this error originates in the macro `anchor_lang::error` which comes from the expansion of the macro `require` (in Nightly builds, run with -Z macro-backtrace for more info)\u001b[0m\n\n"}
{"$message_type":"diagnostic","message":"`CustomError` doesn't implement `std::fmt::Display`","code":{"code":"E0599","explanation":"This error occurs when a method is used on a type which doesn't implement it:\n\nErroneous code example:\n\n```compile_fail,E0599\nstruct Mouth;\n\nlet x = Mouth;\nx.chocolate(); // error: no method named `chocolate` found for type `Mouth`\n               //        in the current scope\n```\n\nIn this case, you need to implement the `chocolate` method to fix the error:\n\n```\nstruct Mouth;\n\nimpl Mouth {\n    fn chocolate(&self) { // We implement the `chocolate` method here.\n        println!(\"Hmmm! I love chocolate!\");\n    }\n}\n\nlet x = Mouth;\nx.chocolate(); // ok!\n```\n"},"level":"error","spans":[{"file_name":"/Users/ordlibrary/.cargo/registry/src/index.crates.io-6f17d22bba15001f/anchor-lang-0.30.0/src/lib.rs","byte_start":17822,"byte_end":17849,"line_start":519,"line_end":519,"column_start":24,"column_end":51,"is_primary":true,"text":[{"text":"            return Err(anchor_lang::error!($error));","highlight_start":24,"highlight_end":51}],"label":"`CustomError` cannot be formatted with the default formatter","suggested_replacement":null,"suggestion_applicability":null,"expansion":{"span":{"file_name":"/Users/ordlibrary/.cargo/registry/src/index.crates.io-6f17d22bba15001f/anchor-lang-0.30.0/src/lib.rs","byte_start":17822,"byte_end":17849,"line_start":519,"line_end":519,"column_start":24,"column_end":51,"is_primary":false,"text":[{"text":"            return Err(anchor_lang::error!($error));","highlight_start":24,"highlight_end":51}],"label":null,"suggested_replacement":null,"suggestion_applicability":null,"expansion":{"span":{"file_name":"programs/cross_chain_oracle/src/lib.rs","byte_start":1079,"byte_end":1128,"line_start":31,"line_end":31,"column_start":9,"column_end":58,"is_primary":false,"text":[{"text":"        require!(result.is_ok(), CustomError::InvalidZKP);","highlight_start":9,"highlight_end":58}],"label":null,"suggested_replacement":null,"suggestion_applicability":null,"expansion":null},"macro_decl_name":"require!","def_site_span":{"file_name":"/Users/ordlibrary/.cargo/registry/src/index.crates.io-6f17d22bba15001f/anchor-lang-0.30.0/src/lib.rs","byte_start":17543,"byte_end":17563,"line_start":511,"line_end":511,"column_start":1,"column_end":21,"is_primary":false,"text":[{"text":"macro_rules! require {","highlight_start":1,"highlight_end":21}],"label":null,"suggested_replacement":null,"suggestion_applicability":null,"expansion":null}}},"macro_decl_name":"anchor_lang::error!","def_site_span":{"file_name":"/Users/ordlibrary/.cargo/registry/src/index.crates.io-6f17d22bba15001f/anchor-attribute-error-0.30.0/src/lib.rs","byte_start":2567,"byte_end":2623,"line_start":85,"line_end":85,"column_start":1,"column_end":57,"is_primary":false,"text":[{"text":"pub fn error(ts: proc_macro::TokenStream) -> TokenStream {","highlight_start":1,"highlight_end":57}],"label":null,"suggested_replacement":null,"suggestion_applicability":null,"expansion":null}}},{"file_name":"programs/cross_chain_oracle/src/lib.rs","byte_start":1514,"byte_end":1534,"line_start":53,"line_end":53,"column_start":1,"column_end":21,"is_primary":false,"text":[{"text":"pub enum CustomError {","highlight_start":1,"highlight_end":21}],"label":"method `to_string` not found for this enum because it doesn't satisfy `CustomError: ToString` or `CustomError: std::fmt::Display`","suggested_replacement":null,"suggestion_applicability":null,"expansion":null}],"children":[{"message":"the following trait bounds were not satisfied:\n`CustomError: std::fmt::Display`\nwhich is required by `CustomError: ToString`","code":null,"level":"note","spans":[],"children":[],"rendered":null},{"message":"the trait `std::fmt::Display` must be implemented","code":null,"level":"note","spans":[{"file_name":"/Users/ordlibrary/.rustup/toolchains/stable-aarch64-apple-darwin/lib/rustlib/src/rust/library/core/src/fmt/mod.rs","byte_start":23810,"byte_end":23827,"line_start":705,"line_end":705,"column_start":1,"column_end":18,"is_primary":true,"text":[{"text":"pub trait Display {","highlight_start":1,"highlight_end":18}],"label":null,"suggested_replacement":null,"suggestion_applicability":null,"expansion":null}],"children":[],"rendered":null},{"message":"items from traits can only be used if the trait is implemented and in scope","code":null,"level":"help","spans":[],"children":[],"rendered":null},{"message":"the following trait defines an item `to_string`, perhaps you need to implement it:\ncandidate #1: `ToString`","code":null,"level":"note","spans":[],"children":[],"rendered":null}],"rendered":"\u001b[0m\u001b[1m\u001b[38;5;9merror[E0599]\u001b[0m\u001b[0m\u001b[1m: `CustomError` doesn't implement `std::fmt::Display`\u001b[0m\n\u001b[0m   \u001b[0m\u001b[0m\u001b[1m\u001b[38;5;12m--> \u001b[0m\u001b[0mprograms/cross_chain_oracle/src/lib.rs:31:9\u001b[0m\n\u001b[0m    \u001b[0m\u001b[0m\u001b[1m\u001b[38;5;12m|\u001b[0m\n\u001b[0m\u001b[1m\u001b[38;5;12m31\u001b[0m\u001b[0m  \u001b[0m\u001b[0m\u001b[1m\u001b[38;5;12m|\u001b[0m\u001b[0m \u001b[0m\u001b[0m        require!(result.is_ok(), CustomError::InvalidZKP);\u001b[0m\n\u001b[0m    \u001b[0m\u001b[0m\u001b[1m\u001b[38;5;12m| \u001b[0m\u001b[0m        \u001b[0m\u001b[0m\u001b[1m\u001b[38;5;9m^^^^^^^^^^^^^^^^^^^^^^^^^^^^^^^^^^^^^^^^^^^^^^^^^\u001b[0m\u001b[0m \u001b[0m\u001b[0m\u001b[1m\u001b[38;5;9m`CustomError` cannot be formatted with the default formatter\u001b[0m\n\u001b[0m\u001b[1m\u001b[38;5;12m...\u001b[0m\n\u001b[0m\u001b[1m\u001b[38;5;12m53\u001b[0m\u001b[0m  \u001b[0m\u001b[0m\u001b[1m\u001b[38;5;12m|\u001b[0m\u001b[0m \u001b[0m\u001b[0mpub enum CustomError {\u001b[0m\n\u001b[0m    \u001b[0m\u001b[0m\u001b[1m\u001b[38;5;12m| \u001b[0m\u001b[0m\u001b[1m\u001b[38;5;12m--------------------\u001b[0m\u001b[0m \u001b[0m\u001b[0m\u001b[1m\u001b[38;5;12mmethod `to_string` not found for this enum because it doesn't satisfy `CustomError: ToString` or `CustomError: std::fmt::Display`\u001b[0m\n\u001b[0m    \u001b[0m\u001b[0m\u001b[1m\u001b[38;5;12m|\u001b[0m\n\u001b[0m    \u001b[0m\u001b[0m\u001b[1m\u001b[38;5;12m= \u001b[0m\u001b[0m\u001b[1mnote\u001b[0m\u001b[0m: the following trait bounds were not satisfied:\u001b[0m\n\u001b[0m            `CustomError: std::fmt::Display`\u001b[0m\n\u001b[0m            which is required by `CustomError: ToString`\u001b[0m\n\u001b[0m\u001b[1m\u001b[38;5;10mnote\u001b[0m\u001b[0m: the trait `std::fmt::Display` must be implemented\u001b[0m\n\u001b[0m   \u001b[0m\u001b[0m\u001b[1m\u001b[38;5;12m--> \u001b[0m\u001b[0m/Users/ordlibrary/.rustup/toolchains/stable-aarch64-apple-darwin/lib/rustlib/src/rust/library/core/src/fmt/mod.rs:705:1\u001b[0m\n\u001b[0m    \u001b[0m\u001b[0m\u001b[1m\u001b[38;5;12m|\u001b[0m\n\u001b[0m\u001b[1m\u001b[38;5;12m705\u001b[0m\u001b[0m \u001b[0m\u001b[0m\u001b[1m\u001b[38;5;12m|\u001b[0m\u001b[0m \u001b[0m\u001b[0mpub trait Display {\u001b[0m\n\u001b[0m    \u001b[0m\u001b[0m\u001b[1m\u001b[38;5;12m| \u001b[0m\u001b[0m\u001b[1m\u001b[38;5;10m^^^^^^^^^^^^^^^^^\u001b[0m\n\u001b[0m    \u001b[0m\u001b[0m\u001b[1m\u001b[38;5;12m= \u001b[0m\u001b[0m\u001b[1mhelp\u001b[0m\u001b[0m: items from traits can only be used if the trait is implemented and in scope\u001b[0m\n\u001b[0m    \u001b[0m\u001b[0m\u001b[1m\u001b[38;5;12m= \u001b[0m\u001b[0m\u001b[1mnote\u001b[0m\u001b[0m: the following trait defines an item `to_string`, perhaps you need to implement it:\u001b[0m\n\u001b[0m            candidate #1: `ToString`\u001b[0m\n\u001b[0m    \u001b[0m\u001b[0m\u001b[1m\u001b[38;5;12m= \u001b[0m\u001b[0m\u001b[1mnote\u001b[0m\u001b[0m: this error originates in the macro `anchor_lang::error` which comes from the expansion of the macro `require` (in Nightly builds, run with -Z macro-backtrace for more info)\u001b[0m\n\n"}
{"$message_type":"diagnostic","message":"the trait bound `u32: From<CustomError>` is not satisfied","code":{"code":"E0277","explanation":"You tried to use a type which doesn't implement some trait in a place which\nexpected that trait.\n\nErroneous code example:\n\n```compile_fail,E0277\n// here we declare the Foo trait with a bar method\ntrait Foo {\n    fn bar(&self);\n}\n\n// we now declare a function which takes an object implementing the Foo trait\nfn some_func<T: Foo>(foo: T) {\n    foo.bar();\n}\n\nfn main() {\n    // we now call the method with the i32 type, which doesn't implement\n    // the Foo trait\n    some_func(5i32); // error: the trait bound `i32 : Foo` is not satisfied\n}\n```\n\nIn order to fix this error, verify that the type you're using does implement\nthe trait. Example:\n\n```\ntrait Foo {\n    fn bar(&self);\n}\n\n// we implement the trait on the i32 type\nimpl Foo for i32 {\n    fn bar(&self) {}\n}\n\nfn some_func<T: Foo>(foo: T) {\n    foo.bar(); // we can now use this method since i32 implements the\n               // Foo trait\n}\n\nfn main() {\n    some_func(5i32); // ok!\n}\n```\n\nOr in a generic context, an erroneous code example would look like:\n\n```compile_fail,E0277\nfn some_func<T>(foo: T) {\n    println!(\"{:?}\", foo); // error: the trait `core::fmt::Debug` is not\n                           //        implemented for the type `T`\n}\n\nfn main() {\n    // We now call the method with the i32 type,\n    // which *does* implement the Debug trait.\n    some_func(5i32);\n}\n```\n\nNote that the error here is in the definition of the generic function. Although\nwe only call it with a parameter that does implement `Debug`, the compiler\nstill rejects the function. It must work with all possible input types. In\norder to make this example compile, we need to restrict the generic type we're\naccepting:\n\n```\nuse std::fmt;\n\n// Restrict the input type to types that implement Debug.\nfn some_func<T: fmt::Debug>(foo: T) {\n    println!(\"{:?}\", foo);\n}\n\nfn main() {\n    // Calling the method is still fine, as i32 implements Debug.\n    some_func(5i32);\n\n    // This would fail to compile now:\n    // struct WithoutDebug;\n    // some_func(WithoutDebug);\n}\n```\n\nRust only looks at the signature of the called function, as such it must\nalready specify all requirements that will be used for every type parameter.\n"},"level":"error","spans":[{"file_name":"/Users/ordlibrary/.cargo/registry/src/index.crates.io-6f17d22bba15001f/anchor-lang-0.30.0/src/lib.rs","byte_start":17822,"byte_end":17849,"line_start":519,"line_end":519,"column_start":24,"column_end":51,"is_primary":true,"text":[{"text":"            return Err(anchor_lang::error!($error));","highlight_start":24,"highlight_end":51}],"label":"the trait `From<CustomError>` is not implemented for `u32`, which is required by `CustomError: Into<_>`","suggested_replacement":null,"suggestion_applicability":null,"expansion":{"span":{"file_name":"/Users/ordlibrary/.cargo/registry/src/index.crates.io-6f17d22bba15001f/anchor-lang-0.30.0/src/lib.rs","byte_start":17822,"byte_end":17849,"line_start":519,"line_end":519,"column_start":24,"column_end":51,"is_primary":false,"text":[{"text":"            return Err(anchor_lang::error!($error));","highlight_start":24,"highlight_end":51}],"label":null,"suggested_replacement":null,"suggestion_applicability":null,"expansion":{"span":{"file_name":"programs/cross_chain_oracle/src/lib.rs","byte_start":1079,"byte_end":1128,"line_start":31,"line_end":31,"column_start":9,"column_end":58,"is_primary":false,"text":[{"text":"        require!(result.is_ok(), CustomError::InvalidZKP);","highlight_start":9,"highlight_end":58}],"label":null,"suggested_replacement":null,"suggestion_applicability":null,"expansion":null},"macro_decl_name":"require!","def_site_span":{"file_name":"/Users/ordlibrary/.cargo/registry/src/index.crates.io-6f17d22bba15001f/anchor-lang-0.30.0/src/lib.rs","byte_start":17543,"byte_end":17563,"line_start":511,"line_end":511,"column_start":1,"column_end":21,"is_primary":false,"text":[{"text":"macro_rules! require {","highlight_start":1,"highlight_end":21}],"label":null,"suggested_replacement":null,"suggestion_applicability":null,"expansion":null}}},"macro_decl_name":"anchor_lang::error!","def_site_span":{"file_name":"/Users/ordlibrary/.cargo/registry/src/index.crates.io-6f17d22bba15001f/anchor-attribute-error-0.30.0/src/lib.rs","byte_start":2567,"byte_end":2623,"line_start":85,"line_end":85,"column_start":1,"column_end":57,"is_primary":false,"text":[{"text":"pub fn error(ts: proc_macro::TokenStream) -> TokenStream {","highlight_start":1,"highlight_end":57}],"label":null,"suggested_replacement":null,"suggestion_applicability":null,"expansion":null}}}],"children":[{"message":"the following other types implement trait `From<T>`:\n  <u32 as From<bool>>\n  <u32 as From<char>>\n  <u32 as From<u8>>\n  <u32 as From<u16>>\n  <u32 as From<ErrorCode>>\n  <u32 as From<Char>>\n  <u32 as From<Ipv4Addr>>","code":null,"level":"help","spans":[],"children":[],"rendered":null},{"message":"required for `CustomError` to implement `Into<u32>`","code":null,"level":"note","spans":[],"children":[],"rendered":null}],"rendered":"\u001b[0m\u001b[1m\u001b[38;5;9merror[E0277]\u001b[0m\u001b[0m\u001b[1m: the trait bound `u32: From<CustomError>` is not satisfied\u001b[0m\n\u001b[0m  \u001b[0m\u001b[0m\u001b[1m\u001b[38;5;12m--> \u001b[0m\u001b[0mprograms/cross_chain_oracle/src/lib.rs:31:9\u001b[0m\n\u001b[0m   \u001b[0m\u001b[0m\u001b[1m\u001b[38;5;12m|\u001b[0m\n\u001b[0m\u001b[1m\u001b[38;5;12m31\u001b[0m\u001b[0m \u001b[0m\u001b[0m\u001b[1m\u001b[38;5;12m|\u001b[0m\u001b[0m \u001b[0m\u001b[0m        require!(result.is_ok(), CustomError::InvalidZKP);\u001b[0m\n\u001b[0m   \u001b[0m\u001b[0m\u001b[1m\u001b[38;5;12m| \u001b[0m\u001b[0m        \u001b[0m\u001b[0m\u001b[1m\u001b[38;5;9m^^^^^^^^^^^^^^^^^^^^^^^^^^^^^^^^^^^^^^^^^^^^^^^^^\u001b[0m\u001b[0m \u001b[0m\u001b[0m\u001b[1m\u001b[38;5;9mthe trait `From<CustomError>` is not implemented for `u32`, which is required by `CustomError: Into<_>`\u001b[0m\n\u001b[0m   \u001b[0m\u001b[0m\u001b[1m\u001b[38;5;12m|\u001b[0m\n\u001b[0m   \u001b[0m\u001b[0m\u001b[1m\u001b[38;5;12m= \u001b[0m\u001b[0m\u001b[1mhelp\u001b[0m\u001b[0m: the following other types implement trait `From<T>`:\u001b[0m\n\u001b[0m             <u32 as From<bool>>\u001b[0m\n\u001b[0m             <u32 as From<char>>\u001b[0m\n\u001b[0m             <u32 as From<u8>>\u001b[0m\n\u001b[0m             <u32 as From<u16>>\u001b[0m\n\u001b[0m             <u32 as From<ErrorCode>>\u001b[0m\n\u001b[0m             <u32 as From<Char>>\u001b[0m\n\u001b[0m             <u32 as From<Ipv4Addr>>\u001b[0m\n\u001b[0m   \u001b[0m\u001b[0m\u001b[1m\u001b[38;5;12m= \u001b[0m\u001b[0m\u001b[1mnote\u001b[0m\u001b[0m: required for `CustomError` to implement `Into<u32>`\u001b[0m\n\u001b[0m   \u001b[0m\u001b[0m\u001b[1m\u001b[38;5;12m= \u001b[0m\u001b[0m\u001b[1mnote\u001b[0m\u001b[0m: this error originates in the macro `anchor_lang::error` which comes from the expansion of the macro `require` (in Nightly builds, run with -Z macro-backtrace for more info)\u001b[0m\n\n"}
{"$message_type":"diagnostic","message":"aborting due to 11 previous errors; 2 warnings emitted","code":null,"level":"error","spans":[],"children":[],"rendered":"\u001b[0m\u001b[1m\u001b[38;5;9merror\u001b[0m\u001b[0m\u001b[1m: aborting due to 11 previous errors; 2 warnings emitted\u001b[0m\n\n"}
{"$message_type":"diagnostic","message":"Some errors have detailed explanations: E0053, E0107, E0277, E0308, E0412, E0432, E0599.","code":null,"level":"failure-note","spans":[],"children":[],"rendered":"\u001b[0m\u001b[1mSome errors have detailed explanations: E0053, E0107, E0277, E0308, E0412, E0432, E0599.\u001b[0m\n"}
{"$message_type":"diagnostic","message":"For more information about an error, try `rustc --explain E0053`.","code":null,"level":"failure-note","spans":[],"children":[],"rendered":"\u001b[0m\u001b[1mFor more information about an error, try `rustc --explain E0053`.\u001b[0m\n"}
